07/04/15 -- 19:55:29 -- uego: -- Opening ini file ./uegoconf/uegoini2p1p1c.optiParamCereb
07/04/15 -- 19:55:29 -- uego: -- Opening ini file ./uegoconf/uegoini2p1p1c.optiParamCereb
07/04/15 -- 19:55:29 -- uego: -- Opening ini file ./uegoconf/uegoini2p1p1c.optiParamCereb
07/04/15 -- 19:55:29 -- uego: -- Opening ini file ./uegoconf/uegoini2p1p1c.optiParamCereb
07/04/15 -- 19:55:29 -- uego: -- Opening ini file ./uegoconf/uegoini2p1p1c.optiParamCereb
07/04/15 -- 19:55:29 -- uego: -- Reading ini file.
07/04/15 -- 19:55:29 -- uego: -- Reading ini file.
07/04/15 -- 19:55:29 -- uego: -- Reading ini file.
07/04/15 -- 19:55:29 -- uego: -- Reading ini file.
Load state file: ./results/uego_state_2p1p1c.txt
Save state file: ./results/uego_state_2p1p1c.txt
Load state file: ./results/uego_state_2p1p1c.txt
Save state file: ./results/uego_state_2p1p1c.txt

 function evaluations in (level, new species, optimization, radii): 
0 1 6 1.000000e+00
1 60 15 4.161791e-01
2 60 36 1.732051e-01
3 60 88 7.208434e-02
4 60 212 3.000000e-02
07/04/15 -- 19:55:29 -- uego: -- Creating master.
07/04/15 -- 19:55:29 -- uego: -- Starting optimalization.
Load state file: ./results/uego_state_2p1p1c.txt
Save state file: ./results/uego_state_2p1p1c.txt
07/04/15 -- 19:55:29 -- uego: -- Starting experiment 1.
Load state file: ./results/uego_state_2p1p1c.txt
Save state file: ./results/uego_state_2p1p1c.txt
07/04/15 -- 19:55:29 -- uego: -- Reading ini file.
Saving algorith state in file ./results/uego_state_2p1p1c.txt
----------------------------------------------------------------
-------------------------NewSpecies-----------------------------
----------------------------------------------------------------
Load state file: ./results/uego_state_2p1p1c.txt
Save state file: ./results/uego_state_2p1p1c.txt
07/04/15 -- 19:55:29 -- uego: -- MASTER :: Creating species. Level 1 length 1
Evaluations: 60 Length: 1
New species. Individual with 1.000000e+00	8.424769e-01	0.000000	0
 generates individual with 1.991365e-01	2.083410e-01	. Distance: 1.021524e+00
 generates individual with 4.578171e-01	8.718337e-01	. Distance: 5.429771e-01
 generates individual with 1.106489e-01	8.173898e-01	. Distance: 8.897049e-01
 generates individual with 9.084987e-01	9.448405e-02	. Distance: 7.535687e-01
 generates individual with 3.904163e-01	4.921412e-01	. Distance: 7.030843e-01
 generates individual with 4.391005e-01	2.053324e-01	. Distance: 8.488589e-01
 generates individual with 2.800902e-01	8.325497e-01	. Distance: 7.199782e-01
 generates individual with 4.744862e-01	3.539702e-01	. Distance: 7.174981e-01
 generates individual with 8.534450e-01	9.349384e-01	. Distance: 1.732844e-01
 generates individual with 9.286251e-01	1.573046e-01	. Distance: 6.888799e-01
 generates individual with 5.862021e-01	1.014714e-01	. Distance: 8.487154e-01
 generates individual with 3.330091e-01	8.481228e-02	. Distance: 1.009422e+00
 generates individual with 5.117916e-01	3.074389e-01	. Distance: 7.243018e-01
 generates individual with 2.385093e-01	6.641059e-01	. Distance: 7.821024e-01
 generates individual with 8.380514e-01	5.135516e-02	. Distance: 8.075277e-01
 generates individual with 7.656683e-01	1.318131e-01	. Distance: 7.483010e-01
 generates individual with 8.998644e-01	2.128683e-01	. Distance: 6.375218e-01
 generates individual with 1.784305e-01	1.547677e-01	. Distance: 1.071410e+00
 generates individual with 3.227322e-01	5.434834e-01	. Distance: 7.403302e-01
 generates individual with 3.563107e-01	2.465139e-01	. Distance: 8.772160e-01
 generates individual with 2.722870e-01	4.150970e-01	. Distance: 8.439312e-01
 generates individual with 3.999915e-02	5.041222e-01	. Distance: 1.017883e+00
 generates individual with 6.647409e-01	4.513454e-01	. Distance: 5.151530e-01
 generates individual with 7.254046e-01	2.903189e-01	. Distance: 6.166693e-01
 generates individual with 2.132725e-01	6.667645e-01	. Distance: 8.061110e-01
 generates individual with 8.113468e-02	4.859272e-01	. Distance: 9.856171e-01
 generates individual with 1.853513e-01	7.387626e-01	. Distance: 8.212242e-01
 generates individual with 7.644141e-01	9.376211e-01	. Distance: 2.540730e-01
 generates individual with 7.459991e-01	3.740537e-02	. Distance: 8.441899e-01
 generates individual with 5.104400e-01	7.259916e-01	. Distance: 5.032274e-01
 generates individual with 7.619896e-01	3.801355e-02	. Distance: 8.389340e-01
 generates individual with 3.701747e-01	8.789262e-01	. Distance: 6.308791e-01
 generates individual with 9.419848e-01	7.415733e-01	. Distance: 1.163929e-01
 generates individual with 9.715765e-01	1.552997e-01	. Distance: 6.877648e-01
 generates individual with 1.876093e-01	7.279586e-01	. Distance: 8.204225e-01
 generates individual with 6.792677e-01	5.239786e-01	. Distance: 4.520071e-01
 generates individual with 3.046227e-02	4.669667e-01	. Distance: 1.039717e+00
 generates individual with 5.276395e-01	9.631369e-01	. Distance: 4.875277e-01
 generates individual with 3.006625e-02	5.121653e-01	. Distance: 1.024635e+00
 generates individual with 8.023956e-01	2.048858e-01	. Distance: 6.675103e-01
 generates individual with 7.754201e-03	2.025534e-01	. Distance: 1.180701e+00
 generates individual with 1.455324e-01	5.021425e-02	. Distance: 1.165245e+00
 generates individual with 9.914936e-01	4.970332e-01	. Distance: 3.455484e-01
 generates individual with 5.875706e-02	8.792436e-01	. Distance: 9.419607e-01
 generates individual with 7.466481e-01	5.666959e-01	. Distance: 3.744895e-01
 generates individual with 6.803427e-01	9.817936e-01	. Distance: 3.486974e-01
 generates individual with 7.676768e-01	7.699188e-01	. Distance: 2.433901e-01
 generates individual with 7.104218e-01	3.332612e-01	. Distance: 5.857954e-01
 generates individual with 6.057711e-01	6.352761e-01	. Distance: 4.453634e-01
 generates individual with 3.597162e-01	4.408125e-01	. Distance: 7.558424e-01
 generates individual with 4.074288e-01	4.772608e-01	. Distance: 6.960772e-01
 generates individual with 1.967055e-01	8.848859e-01	. Distance: 8.044131e-01
 generates individual with 5.389657e-01	2.698205e-01	. Distance: 7.351789e-01
 generates individual with 7.682324e-01	1.810094e-01	. Distance: 7.008963e-01
 generates individual with 1.719648e-01	4.027048e-01	. Distance: 9.375723e-01
 generates individual with 8.685452e-01	5.869285e-01	. Distance: 2.873767e-01
 generates individual with 7.046636e-01	9.456252e-01	. Distance: 3.128309e-01
 generates individual with 3.317792e-01	4.800484e-01	. Distance: 7.601798e-01
 generates individual with 8.942774e-01	4.522838e-02	. Distance: 8.042279e-01
 generates individual with 2.228739e-01	9.301878e-01	. Distance: 7.820602e-01
07/04/15 -- 19:55:29 -- uego: -- Simulating with seed 12346, mfgocsynapsis.max_weight=4.783594e-10, mfgocsynapsis.minus_plus_ratio=9.708432e-01
07/04/15 -- 19:55:29 -- uego: -- Simulating with seed 12347, mfgocsynapsis.max_weight=4.783594e-10, mfgocsynapsis.minus_plus_ratio=9.708432e-01
07/04/15 -- 19:55:29 -- uego: -- Simulating with seed 12348, mfgocsynapsis.max_weight=4.783594e-10, mfgocsynapsis.minus_plus_ratio=9.708432e-01
07/04/15 -- 19:55:29 -- uego: -- Simulating with seed 12345, mfgocsynapsis.max_weight=4.783594e-10, mfgocsynapsis.minus_plus_ratio=9.708432e-01
sh: sysctl: command not found
sh: sysctl: command not found
sh: sysctl: command not found
sh: sysctl: command not found
07/04/15 -- 19:55:41 -- uego: -- Simulation ended with seed 12345, mfgocsynapsis.max_weight=4.783594e-10, mfgocsynapsis.minus_plus_ratio=9.708432e-01. Returned: 0.000000
07/04/15 -- 19:55:41 -- uego: -- Simulating with seed 12349, mfgocsynapsis.max_weight=4.783594e-10, mfgocsynapsis.minus_plus_ratio=9.708432e-01
07/04/15 -- 19:55:41 -- uego: -- Simulation ended with seed 12347, mfgocsynapsis.max_weight=4.783594e-10, mfgocsynapsis.minus_plus_ratio=9.708432e-01. Returned: 0.000000
07/04/15 -- 19:55:41 -- uego: -- Simulating with seed 12350, mfgocsynapsis.max_weight=4.783594e-10, mfgocsynapsis.minus_plus_ratio=9.708432e-01
07/04/15 -- 19:55:41 -- uego: -- Simulation ended with seed 12346, mfgocsynapsis.max_weight=4.783594e-10, mfgocsynapsis.minus_plus_ratio=9.708432e-01. Returned: 0.000000
07/04/15 -- 19:55:41 -- uego: -- Simulating with seed 12351, mfgocsynapsis.max_weight=4.783594e-10, mfgocsynapsis.minus_plus_ratio=9.708432e-01
07/04/15 -- 19:55:41 -- uego: -- Simulation ended with seed 12348, mfgocsynapsis.max_weight=4.783594e-10, mfgocsynapsis.minus_plus_ratio=9.708432e-01. Returned: 0.000000
07/04/15 -- 19:55:41 -- uego: -- Simulating with seed 12352, mfgocsynapsis.max_weight=4.783594e-10, mfgocsynapsis.minus_plus_ratio=9.708432e-01
07/04/15 -- 19:55:51 -- uego: -- Simulation ended with seed 12349, mfgocsynapsis.max_weight=4.783594e-10, mfgocsynapsis.minus_plus_ratio=9.708432e-01. Returned: 0.000000
07/04/15 -- 19:55:51 -- uego: -- Simulating with seed 12353, mfgocsynapsis.max_weight=4.783594e-10, mfgocsynapsis.minus_plus_ratio=9.708432e-01
07/04/15 -- 19:55:52 -- uego: -- Simulation ended with seed 12351, mfgocsynapsis.max_weight=4.783594e-10, mfgocsynapsis.minus_plus_ratio=9.708432e-01. Returned: 0.000000
07/04/15 -- 19:55:52 -- uego: -- Simulating with seed 12354, mfgocsynapsis.max_weight=4.783594e-10, mfgocsynapsis.minus_plus_ratio=9.708432e-01
07/04/15 -- 19:55:52 -- uego: -- Simulation ended with seed 12352, mfgocsynapsis.max_weight=4.783594e-10, mfgocsynapsis.minus_plus_ratio=9.708432e-01. Returned: 0.000000
07/04/15 -- 19:55:52 -- uego: -- Simulating with seed 12345, mfgocsynapsis.max_weight=9.698524e-10, mfgocsynapsis.minus_plus_ratio=1.833384e+00
07/04/15 -- 19:55:52 -- uego: -- Simulation ended with seed 12350, mfgocsynapsis.max_weight=4.783594e-10, mfgocsynapsis.minus_plus_ratio=9.708432e-01. Returned: 0.000000
07/04/15 -- 19:55:52 -- uego: -- Simulating with seed 12346, mfgocsynapsis.max_weight=9.698524e-10, mfgocsynapsis.minus_plus_ratio=1.833384e+00
07/04/15 -- 19:56:03 -- uego: -- Simulation ended with seed 12353, mfgocsynapsis.max_weight=4.783594e-10, mfgocsynapsis.minus_plus_ratio=9.708432e-01. Returned: 0.000000
07/04/15 -- 19:56:03 -- uego: -- Simulating with seed 12347, mfgocsynapsis.max_weight=9.698524e-10, mfgocsynapsis.minus_plus_ratio=1.833384e+00
07/04/15 -- 19:56:04 -- uego: -- Simulation ended with seed 12345, mfgocsynapsis.max_weight=9.698524e-10, mfgocsynapsis.minus_plus_ratio=1.833384e+00. Returned: 0.000000
07/04/15 -- 19:56:04 -- uego: -- Simulating with seed 12348, mfgocsynapsis.max_weight=9.698524e-10, mfgocsynapsis.minus_plus_ratio=1.833384e+00
07/04/15 -- 19:56:04 -- uego: -- Simulation ended with seed 12354, mfgocsynapsis.max_weight=4.783594e-10, mfgocsynapsis.minus_plus_ratio=9.708432e-01. Returned: 0.000000
07/04/15 -- 19:56:04 -- uego: -- Simulating with seed 12349, mfgocsynapsis.max_weight=9.698524e-10, mfgocsynapsis.minus_plus_ratio=1.833384e+00
07/04/15 -- 19:56:04 -- uego: -- Simulation ended with seed 12346, mfgocsynapsis.max_weight=9.698524e-10, mfgocsynapsis.minus_plus_ratio=1.833384e+00. Returned: 0.000000
07/04/15 -- 19:56:04 -- uego: -- Simulating with seed 12350, mfgocsynapsis.max_weight=9.698524e-10, mfgocsynapsis.minus_plus_ratio=1.833384e+00
07/04/15 -- 19:56:15 -- uego: -- Simulation ended with seed 12347, mfgocsynapsis.max_weight=9.698524e-10, mfgocsynapsis.minus_plus_ratio=1.833384e+00. Returned: 0.000000
07/04/15 -- 19:56:15 -- uego: -- Simulating with seed 12351, mfgocsynapsis.max_weight=9.698524e-10, mfgocsynapsis.minus_plus_ratio=1.833384e+00
07/04/15 -- 19:56:15 -- uego: -- Simulation ended with seed 12348, mfgocsynapsis.max_weight=9.698524e-10, mfgocsynapsis.minus_plus_ratio=1.833384e+00. Returned: 0.000000
07/04/15 -- 19:56:15 -- uego: -- Simulating with seed 12352, mfgocsynapsis.max_weight=9.698524e-10, mfgocsynapsis.minus_plus_ratio=1.833384e+00
07/04/15 -- 19:56:16 -- uego: -- Simulation ended with seed 12349, mfgocsynapsis.max_weight=9.698524e-10, mfgocsynapsis.minus_plus_ratio=1.833384e+00. Returned: 0.000000
07/04/15 -- 19:56:16 -- uego: -- Simulating with seed 12353, mfgocsynapsis.max_weight=9.698524e-10, mfgocsynapsis.minus_plus_ratio=1.833384e+00
07/04/15 -- 19:56:16 -- uego: -- Simulation ended with seed 12350, mfgocsynapsis.max_weight=9.698524e-10, mfgocsynapsis.minus_plus_ratio=1.833384e+00. Returned: 0.000000
07/04/15 -- 19:56:16 -- uego: -- Simulating with seed 12354, mfgocsynapsis.max_weight=9.698524e-10, mfgocsynapsis.minus_plus_ratio=1.833384e+00
07/04/15 -- 19:56:26 -- uego: -- Simulation ended with seed 12351, mfgocsynapsis.max_weight=9.698524e-10, mfgocsynapsis.minus_plus_ratio=1.833384e+00. Returned: 0.000000
07/04/15 -- 19:56:26 -- uego: -- Simulating with seed 12345, mfgocsynapsis.max_weight=3.102329e-10, mfgocsynapsis.minus_plus_ratio=1.762607e+00
07/04/15 -- 19:56:27 -- uego: -- Simulation ended with seed 12352, mfgocsynapsis.max_weight=9.698524e-10, mfgocsynapsis.minus_plus_ratio=1.833384e+00. Returned: 0.000000
07/04/15 -- 19:56:27 -- uego: -- Simulating with seed 12346, mfgocsynapsis.max_weight=3.102329e-10, mfgocsynapsis.minus_plus_ratio=1.762607e+00
07/04/15 -- 19:56:27 -- uego: -- Simulation ended with seed 12353, mfgocsynapsis.max_weight=9.698524e-10, mfgocsynapsis.minus_plus_ratio=1.833384e+00. Returned: 0.000000
07/04/15 -- 19:56:27 -- uego: -- Simulating with seed 12347, mfgocsynapsis.max_weight=3.102329e-10, mfgocsynapsis.minus_plus_ratio=1.762607e+00
07/04/15 -- 19:56:27 -- uego: -- Simulation ended with seed 12354, mfgocsynapsis.max_weight=9.698524e-10, mfgocsynapsis.minus_plus_ratio=1.833384e+00. Returned: 0.000000
07/04/15 -- 19:56:27 -- uego: -- Simulating with seed 12348, mfgocsynapsis.max_weight=3.102329e-10, mfgocsynapsis.minus_plus_ratio=1.762607e+00
07/04/15 -- 19:56:38 -- uego: -- Simulation ended with seed 12345, mfgocsynapsis.max_weight=3.102329e-10, mfgocsynapsis.minus_plus_ratio=1.762607e+00. Returned: 0.000000
07/04/15 -- 19:56:38 -- uego: -- Simulating with seed 12349, mfgocsynapsis.max_weight=3.102329e-10, mfgocsynapsis.minus_plus_ratio=1.762607e+00
07/04/15 -- 19:56:39 -- uego: -- Simulation ended with seed 12346, mfgocsynapsis.max_weight=3.102329e-10, mfgocsynapsis.minus_plus_ratio=1.762607e+00. Returned: 0.000000
07/04/15 -- 19:56:39 -- uego: -- Simulating with seed 12350, mfgocsynapsis.max_weight=3.102329e-10, mfgocsynapsis.minus_plus_ratio=1.762607e+00
07/04/15 -- 19:56:40 -- uego: -- Simulation ended with seed 12347, mfgocsynapsis.max_weight=3.102329e-10, mfgocsynapsis.minus_plus_ratio=1.762607e+00. Returned: 0.000000
07/04/15 -- 19:56:40 -- uego: -- Simulating with seed 12351, mfgocsynapsis.max_weight=3.102329e-10, mfgocsynapsis.minus_plus_ratio=1.762607e+00
07/04/15 -- 19:56:40 -- uego: -- Simulation ended with seed 12348, mfgocsynapsis.max_weight=3.102329e-10, mfgocsynapsis.minus_plus_ratio=1.762607e+00. Returned: 0.000000
07/04/15 -- 19:56:40 -- uego: -- Simulating with seed 12352, mfgocsynapsis.max_weight=3.102329e-10, mfgocsynapsis.minus_plus_ratio=1.762607e+00
